# JRE version: Java(TM) SE Runtime Environment (8.0_131-b11) (build 1.8.0_131-b11)
# Java VM: Java HotSpot(TM) 64-Bit Server VM (25.131-b11 mixed mode windows-amd64 compressed oops)
Heap:
 PSYoungGen      total 61952K, used 35095K [0x00000000db000000, 0x00000000df100000, 0x0000000100000000)
  eden space 57344K, 53% used [0x00000000db000000,0x00000000dcdc6970,0x00000000de800000)
  from space 4608K, 99% used [0x00000000dec80000,0x00000000df0ff5c0,0x00000000df100000)
  to   space 4608K, 0% used [0x00000000de800000,0x00000000de800000,0x00000000dec80000)
 ParOldGen       total 76800K, used 1249K [0x0000000091000000, 0x0000000095b00000, 0x00000000db000000)
  object space 76800K, 1% used [0x0000000091000000,0x0000000091138638,0x0000000095b00000)
 Metaspace       used 14236K, capacity 14518K, committed 14720K, reserved 1062912K
  class space    used 1756K, capacity 1843K, committed 1920K, reserved 1048576K
GC Heap History (4 events):
Event: 4.898 GC heap before
{Heap before GC invocations=1 (full 0):
 PSYoungGen      total 33280K, used 28672K [0x00000000db000000, 0x00000000dd500000, 0x0000000100000000)
  eden space 28672K, 100% used [0x00000000db000000,0x00000000dcc00000,0x00000000dcc00000)
  from space 4608K, 0% used [0x00000000dd080000,0x00000000dd080000,0x00000000dd500000)
  to   space 4608K, 0% used [0x00000000dcc00000,0x00000000dcc00000,0x00000000dd080000)
 ParOldGen       total 76800K, used 0K [0x0000000091000000, 0x0000000095b00000, 0x00000000db000000)
  object space 76800K, 0% used [0x0000000091000000,0x0000000091000000,0x0000000095b00000)
 Metaspace       used 8825K, capacity 9032K, committed 9088K, reserved 1056768K
  class space    used 1049K, capacity 1116K, committed 1152K, reserved 1048576K
Event: 4.979 GC heap after
Heap after GC invocations=1 (full 0):
 PSYoungGen      total 33280K, used 4601K [0x00000000db000000, 0x00000000df100000, 0x0000000100000000)
  eden space 28672K, 0% used [0x00000000db000000,0x00000000db000000,0x00000000dcc00000)
  from space 4608K, 99% used [0x00000000dcc00000,0x00000000dd07e720,0x00000000dd080000)
  to   space 4608K, 0% used [0x00000000dec80000,0x00000000dec80000,0x00000000df100000)
 ParOldGen       total 76800K, used 471K [0x0000000091000000, 0x0000000095b00000, 0x00000000db000000)
  object space 76800K, 0% used [0x0000000091000000,0x0000000091075f60,0x0000000095b00000)
 Metaspace       used 8825K, capacity 9032K, committed 9088K, reserved 1056768K
  class space    used 1049K, capacity 1116K, committed 1152K, reserved 1048576K
}
Event: 7.191 GC heap before
{Heap before GC invocations=2 (full 0):
 PSYoungGen      total 33280K, used 33273K [0x00000000db000000, 0x00000000df100000, 0x0000000100000000)
  eden space 28672K, 100% used [0x00000000db000000,0x00000000dcc00000,0x00000000dcc00000)
  from space 4608K, 99% used [0x00000000dcc00000,0x00000000dd07e720,0x00000000dd080000)
  to   space 4608K, 0% used [0x00000000dec80000,0x00000000dec80000,0x00000000df100000)
 ParOldGen       total 76800K, used 471K [0x0000000091000000, 0x0000000095b00000, 0x00000000db000000)
  object space 76800K, 0% used [0x0000000091000000,0x0000000091075f60,0x0000000095b00000)
 Metaspace       used 10844K, capacity 11040K, committed 11136K, reserved 1058816K
  class space    used 1315K, capacity 1377K, committed 1408K, reserved 1048576K
Event: 7.216 GC heap after
Heap after GC invocations=2 (full 0):
 PSYoungGen      total 61952K, used 4605K [0x00000000db000000, 0x00000000df100000, 0x0000000100000000)
  eden space 57344K, 0% used [0x00000000db000000,0x00000000db000000,0x00000000de800000)
  from space 4608K, 99% used [0x00000000dec80000,0x00000000df0ff5c0,0x00000000df100000)
  to   space 4608K, 0% used [0x00000000de800000,0x00000000de800000,0x00000000dec80000)
 ParOldGen       total 76800K, used 1249K [0x0000000091000000, 0x0000000095b00000, 0x00000000db000000)
  object space 76800K, 1% used [0x0000000091000000,0x0000000091138638,0x0000000095b00000)
 Metaspace       used 10844K, capacity 11040K, committed 11136K, reserved 1058816K
  class space    used 1315K, capacity 1377K, committed 1408K, reserved 1048576K
}

